ERROR:root:indextable fail to create[Errno 2] No such file or directory: 'indextable/latestindex.txt'
INFO:root:Index 20190404 coordinates 4344
INFO:root:Index 4345 is empty
INFO:root:Index 20130405 coordinates 2755
INFO:root:Index 20130408 coordinates 2756
INFO:root:Index 20130409 coordinates 2757
INFO:root:Index 20130410 coordinates 2758
INFO:root:Index 20130411 coordinates 2759
INFO:root:Index 20130412 coordinates 2760
INFO:root:Index 20130415 coordinates 2761
INFO:root:Index 20130416 coordinates 2762
INFO:root:Index 20130417 coordinates 2763
INFO:root:Index 20130418 coordinates 2764
INFO:root:Index 20130419 coordinates 2765
INFO:root:Index 20130422 coordinates 2766
INFO:root:Index 20130423 coordinates 2767
INFO:root:Index 20130424 coordinates 2768
INFO:root:Index 20130425 coordinates 2769
INFO:root:Index 20130426 coordinates 2770
INFO:root:Index 2771 is empty
INFO:root:Index 2772 is empty
INFO:root:Index 20130429 coordinates 2773
INFO:root:Index 20130430 coordinates 2774
INFO:root:Index 20130501 coordinates 2775
INFO:root:Index 20130502 coordinates 2776
INFO:root:Index 20130503 coordinates 2777
INFO:root:Index 20130506 coordinates 2778
INFO:root:Index 20130507 coordinates 2779
INFO:root:Index 20130508 coordinates 2780
INFO:root:Index 20130509 coordinates 2781
INFO:root:Index 20130510 coordinates 2782
INFO:root:Index 20130513 coordinates 2783
INFO:root:Index 20130514 coordinates 2784
INFO:root:Index 20130515 coordinates 2785
INFO:root:Index 20130516 coordinates 2786
INFO:root:Index 20130517 coordinates 2787
INFO:root:Index 20130520 coordinates 2788
INFO:root:Index 20130521 coordinates 2789
INFO:root:Index 20130522 coordinates 2790
INFO:root:Index 20130523 coordinates 2791
INFO:root:Index 20130524 coordinates 2792
INFO:root:Index 20130527 coordinates 2793
INFO:root:Index 20130528 coordinates 2794
INFO:root:Index 20130529 coordinates 2795
INFO:root:Index 20130530 coordinates 2796
INFO:root:Index 20130531 coordinates 2797
INFO:root:Index 20130603 coordinates 2798
INFO:root:Index 20130604 coordinates 2799
INFO:root:Index 20130605 coordinates 2800
INFO:root:Index 20130606 coordinates 2801
INFO:root:Index 20130607 coordinates 2802
INFO:root:Index 20130610 coordinates 2803
INFO:root:Index 20130611 coordinates 2804
INFO:root:Index 20130612 coordinates 2805
INFO:root:Index 20130613 coordinates 2806
INFO:root:Index 20130614 coordinates 2807
INFO:root:Index 20130617 coordinates 2808
INFO:root:Index 20130618 coordinates 2809
INFO:root:Index 20130619 coordinates 2810
INFO:root:Index 20130620 coordinates 2811
INFO:root:Index 20130621 coordinates 2812
INFO:root:Index 20130624 coordinates 2813
INFO:root:Index 20130625 coordinates 2814
INFO:root:Index 20130626 coordinates 2815
INFO:root:Index 20130627 coordinates 2816
INFO:root:Index 20130628 coordinates 2817
INFO:root:Index 20130701 coordinates 2818
INFO:root:Index 20130702 coordinates 2819
INFO:root:Index 20130703 coordinates 2820
INFO:root:Index 20130704 coordinates 2821
INFO:root:Index 20130705 coordinates 2822
INFO:root:Index 20130708 coordinates 2823
INFO:root:Index 20130709 coordinates 2824
INFO:root:Index 20130710 coordinates 2825
INFO:root:Index 20130711 coordinates 2826
INFO:root:Index 20130712 coordinates 2827
INFO:root:Index 20130715 coordinates 2828
INFO:root:Index 20130716 coordinates 2829
INFO:root:Index 20130717 coordinates 2830
INFO:root:Index 20130718 coordinates 2831
INFO:root:Index 20130719 coordinates 2832
INFO:root:Index 20130722 coordinates 2833
INFO:root:Index 20130723 coordinates 2834
INFO:root:Index 20130724 coordinates 2835
INFO:root:Index 20130725 coordinates 2836
INFO:root:Index 20130726 coordinates 2837
INFO:root:Index 20130729 coordinates 2838
INFO:root:Index 20130730 coordinates 2839
INFO:root:Index 20130731 coordinates 2840
INFO:root:Index 20130801 coordinates 2841
INFO:root:Index 20130802 coordinates 2842
INFO:root:Index 20130805 coordinates 2843
INFO:root:Index 20130806 coordinates 2844
INFO:root:Index 20130807 coordinates 2845
INFO:root:Index 20130808 coordinates 2846
INFO:root:Index 20130809 coordinates 2847
INFO:root:Index 20130812 coordinates 2848
INFO:root:Index 20130813 coordinates 2849
INFO:root:Index 20130814 coordinates 2850
INFO:root:Index 20130815 coordinates 2851
INFO:root:Index 20130816 coordinates 2852
INFO:root:Index 20130819 coordinates 2853
INFO:root:Index 20130820 coordinates 2854
INFO:root:Index 20130821 coordinates 2855
INFO:root:Index 20130822 coordinates 2856
INFO:root:Index 20130823 coordinates 2857
INFO:root:Index 20130826 coordinates 2858
INFO:root:Index 20130827 coordinates 2859
INFO:root:Index 20130828 coordinates 2860
INFO:root:Index 20130829 coordinates 2861
INFO:root:Index 20130830 coordinates 2862
INFO:root:Index 20130902 coordinates 2863
INFO:root:Index 20130903 coordinates 2864
INFO:root:Index 20130904 coordinates 2865
INFO:root:Index 20130905 coordinates 2866
INFO:root:Index 20130906 coordinates 2867
INFO:root:Index 20130909 coordinates 2868
INFO:root:Index 20130910 coordinates 2869
INFO:root:Index 20130911 coordinates 2870
INFO:root:Index 20130912 coordinates 2871
INFO:root:Index 20130913 coordinates 2872
INFO:root:Index 2873 is empty
INFO:root:Index 20130916 coordinates 2874
INFO:root:Index 20130917 coordinates 2875
INFO:root:Index 20130918 coordinates 2876
INFO:root:Index 20130919 coordinates 2877
INFO:root:Index 20130920 coordinates 2878
INFO:root:Index 20130923 coordinates 2879
INFO:root:Index 20130924 coordinates 2880
INFO:root:Index 20130925 coordinates 2881
INFO:root:Index 20130926 coordinates 2882
INFO:root:Index 20130927 coordinates 2883
INFO:root:Index 20130930 coordinates 2884
INFO:root:Index 20131001 coordinates 2885
INFO:root:Index 20131002 coordinates 2886
INFO:root:Index 20131003 coordinates 2887
INFO:root:Index 20131004 coordinates 2888
INFO:root:Index 20131007 coordinates 2889
INFO:root:Index 20131008 coordinates 2890
INFO:root:Index 20131009 coordinates 2891
INFO:root:Index 20131010 coordinates 2892
INFO:root:Index 20131011 coordinates 2893
INFO:root:Index 20131014 coordinates 2894
INFO:root:Index 20131015 coordinates 2895
INFO:root:Index 20131016 coordinates 2896
INFO:root:Index 20131017 coordinates 2897
INFO:root:Index 20131018 coordinates 2898
INFO:root:Index 20131021 coordinates 2899
INFO:root:Index 20131022 coordinates 2900
INFO:root:Index 20131023 coordinates 2901
INFO:root:Index 20131024 coordinates 2902
INFO:root:Index 20131025 coordinates 2903
INFO:root:Index 20131028 coordinates 2904
INFO:root:Index 20131029 coordinates 2905
INFO:root:Index 20131030 coordinates 2906
INFO:root:Index 20131031 coordinates 2907
INFO:root:Index 20131101 coordinates 2908
INFO:root:Index 20131104 coordinates 2909
INFO:root:Index 20131105 coordinates 2910
INFO:root:Index 20131106 coordinates 2911
INFO:root:Index 20131107 coordinates 2912
INFO:root:Index 20131108 coordinates 2913
INFO:root:Index 20131111 coordinates 2914
INFO:root:Index 20131112 coordinates 2915
INFO:root:Index 20131113 coordinates 2916
INFO:root:Index 20131114 coordinates 2917
INFO:root:Index 20131115 coordinates 2918
INFO:root:Index 20131118 coordinates 2919
INFO:root:Index 20131119 coordinates 2920
INFO:root:Index 20131120 coordinates 2921
INFO:root:Index 20131121 coordinates 2922
INFO:root:Index 20131122 coordinates 2923
INFO:root:Index 20131125 coordinates 2924
INFO:root:Index 20131126 coordinates 2925
INFO:root:Index 20131127 coordinates 2926
INFO:root:Index 20131128 coordinates 2927
INFO:root:Index 20131129 coordinates 2928
INFO:root:Index 20131202 coordinates 2929
INFO:root:Index 20131203 coordinates 2930
INFO:root:Index 20131204 coordinates 2931
INFO:root:Index 20131205 coordinates 2932
INFO:root:Index 20131206 coordinates 2933
INFO:root:Index 20131209 coordinates 2934
INFO:root:Index 20131210 coordinates 2935
INFO:root:Index 20131211 coordinates 2936
INFO:root:Index 20131212 coordinates 2937
INFO:root:Index 20131213 coordinates 2938
INFO:root:Index 20131216 coordinates 2939
INFO:root:Index 20131217 coordinates 2940
INFO:root:Index 20131218 coordinates 2941
INFO:root:Index 20131219 coordinates 2942
INFO:root:Index 20131220 coordinates 2943
INFO:root:Index 20131223 coordinates 2944
INFO:root:Index 20131224 coordinates 2945
INFO:root:Index 20131225 coordinates 2946
INFO:root:Index 20131226 coordinates 2947
INFO:root:Index 20131227 coordinates 2948
INFO:root:Index 20131230 coordinates 2949
INFO:root:Index 20131231 coordinates 2950
INFO:root:Index 20140101 coordinates 2951
INFO:root:Index 20140102 coordinates 2952
INFO:root:Index 20140103 coordinates 2953
INFO:root:Index 20140106 coordinates 2954
INFO:root:Index 20140107 coordinates 2955
INFO:root:Index 20140108 coordinates 2956
INFO:root:Index 20140109 coordinates 2957
INFO:root:Index 20140110 coordinates 2958
INFO:root:Index 20140113 coordinates 2959
INFO:root:Index 20140114 coordinates 2960
INFO:root:Index 20140115 coordinates 2961
INFO:root:Index 20140116 coordinates 2962
INFO:root:Index 20140117 coordinates 2963
INFO:root:Index 20140120 coordinates 2964
INFO:root:Index 20140121 coordinates 2965
INFO:root:Index 20140122 coordinates 2966
INFO:root:Index 20140123 coordinates 2967
INFO:root:Index 20140124 coordinates 2968
INFO:root:Index 20140127 coordinates 2969
INFO:root:Index 20140128 coordinates 2970
INFO:root:Index 20140129 coordinates 2971
INFO:root:Index 20140130 coordinates 2972
INFO:root:Index 20140131 coordinates 2973
INFO:root:Index 20140203 coordinates 2974
INFO:root:Index 20140204 coordinates 2975
INFO:root:Index 20140205 coordinates 2976
INFO:root:Index 20140206 coordinates 2977
INFO:root:Index 20140207 coordinates 2978
INFO:root:Index 20140210 coordinates 2979
INFO:root:Index 20140211 coordinates 2980
INFO:root:Index 20140212 coordinates 2981
INFO:root:Index 20140213 coordinates 2982
INFO:root:Index 20140214 coordinates 2983
INFO:root:Index 20140217 coordinates 2984
INFO:root:Index 20140218 coordinates 2985
INFO:root:Index 20140219 coordinates 2986
INFO:root:Index 20140220 coordinates 2987
INFO:root:Index 20140221 coordinates 2988
INFO:root:Index 20140224 coordinates 2989
INFO:root:Index 20140225 coordinates 2990
INFO:root:Index 20140226 coordinates 2991
INFO:root:Index 20140227 coordinates 2992
INFO:root:Index 20140228 coordinates 2993
INFO:root:Index 20140303 coordinates 2994
INFO:root:Index 20140304 coordinates 2995
INFO:root:Index 20140305 coordinates 2996
INFO:root:Index 20140306 coordinates 2997
INFO:root:Index 20140307 coordinates 2998
INFO:root:Index 20140310 coordinates 2999
INFO:root:Index 20140311 coordinates 3000
INFO:root:Index 20140312 coordinates 3001
INFO:root:Index 20140313 coordinates 3002
INFO:root:Index 20140314 coordinates 3003
INFO:root:Index 20140317 coordinates 3004
INFO:root:Index 20140318 coordinates 3005
INFO:root:Index 20140319 coordinates 3006
INFO:root:Index 20140320 coordinates 3007
INFO:root:Index 20140321 coordinates 3008
INFO:root:Index 20140324 coordinates 3009
INFO:root:Index 20140325 coordinates 3010
INFO:root:Index 20140326 coordinates 3011
INFO:root:Index 20140327 coordinates 3012
INFO:root:Index 20140328 coordinates 3013
INFO:root:Index 20140331 coordinates 3014
INFO:root:Index 20140401 coordinates 3015
INFO:root:Index 20140402 coordinates 3016
INFO:root:Index 20140403 coordinates 3017
INFO:root:Index 20140404 coordinates 3018
INFO:root:Index 20140407 coordinates 3019
INFO:root:Index 20140408 coordinates 3020
INFO:root:Index 20140409 coordinates 3021
INFO:root:Index 20140410 coordinates 3022
INFO:root:Index 20140411 coordinates 3023
INFO:root:Index 20140414 coordinates 3024
INFO:root:Index 3025 is empty
INFO:root:Index 20140415 coordinates 3026
INFO:root:Index 20140416 coordinates 3027
INFO:root:Index 20140417 coordinates 3028
INFO:root:Index 20140418 coordinates 3029
INFO:root:Index 20140421 coordinates 3030
INFO:root:Index 20140422 coordinates 3031
INFO:root:Index 20140423 coordinates 3032
INFO:root:Index 20140424 coordinates 3033
INFO:root:Index 20140425 coordinates 3034
INFO:root:Index 20140428 coordinates 3035
INFO:root:Index 20140429 coordinates 3036
INFO:root:Index 20140430 coordinates 3037
INFO:root:Index 20140501 coordinates 3038
INFO:root:Index 20140502 coordinates 3039
INFO:root:Index 20140505 coordinates 3040
INFO:root:Index 20140506 coordinates 3041
INFO:root:Index 20140507 coordinates 3042
INFO:root:Index 20140508 coordinates 3043
INFO:root:Index 20140509 coordinates 3044
INFO:root:Index 20140512 coordinates 3045
INFO:root:Index 20140513 coordinates 3046
INFO:root:Index 20140514 coordinates 3047
INFO:root:Index 20140515 coordinates 3048
INFO:root:Index 20140516 coordinates 3049
INFO:root:Index 20140519 coordinates 3050
INFO:root:Index 20140520 coordinates 3051
INFO:root:Index 20140521 coordinates 3052
INFO:root:Index 20140522 coordinates 3053
INFO:root:Index 20140523 coordinates 3054
INFO:root:Index 20140526 coordinates 3055
INFO:root:Index 20140527 coordinates 3056
INFO:root:Index 20140528 coordinates 3057
INFO:root:Index 20140529 coordinates 3058
INFO:root:Index 20140530 coordinates 3059
INFO:root:Index 20140602 coordinates 3060
INFO:root:Index 20140603 coordinates 3061
INFO:root:Index 20140604 coordinates 3062
INFO:root:Index 20140605 coordinates 3063
INFO:root:Index 20140606 coordinates 3064
INFO:root:Index 20140609 coordinates 3065
INFO:root:Index 20140610 coordinates 3066
INFO:root:Index 20140611 coordinates 3067
INFO:root:Index 20140612 coordinates 3068
INFO:root:Index 20140613 coordinates 3069
INFO:root:Index 20140616 coordinates 3070
INFO:root:Index 20140617 coordinates 3071
INFO:root:Index 20140618 coordinates 3072
INFO:root:Index 20140619 coordinates 3073
INFO:root:Index 20140620 coordinates 3074
INFO:root:Index 20140623 coordinates 3075
INFO:root:Index 20140624 coordinates 3076
INFO:root:Index 20140625 coordinates 3077
INFO:root:Index 20140626 coordinates 3078
INFO:root:Index 20140627 coordinates 3079
INFO:root:Index 20140630 coordinates 3080
INFO:root:Index 20140701 coordinates 3081
INFO:root:Index 20140702 coordinates 3082
INFO:root:Index 20140703 coordinates 3083
INFO:root:Index 20140704 coordinates 3084
INFO:root:Index 20140707 coordinates 3085
INFO:root:Index 20140708 coordinates 3086
INFO:root:Index 20140709 coordinates 3087
INFO:root:Index 20140710 coordinates 3088
INFO:root:Index 20140711 coordinates 3089
INFO:root:Index 20140714 coordinates 3090
INFO:root:Index 20140715 coordinates 3091
INFO:root:Index 20140716 coordinates 3092
INFO:root:Index 20140717 coordinates 3093
INFO:root:Index 20140718 coordinates 3094
INFO:root:Index 20140721 coordinates 3095
INFO:root:Index 20140722 coordinates 3096
INFO:root:Index 20140723 coordinates 3097
INFO:root:Index 20140724 coordinates 3098
INFO:root:Index 20140725 coordinates 3099
INFO:root:Index 20140728 coordinates 3100
INFO:root:Index 20140729 coordinates 3101
INFO:root:Index 20140730 coordinates 3102
INFO:root:Index 20140731 coordinates 3103
INFO:root:Index 20140801 coordinates 3104
INFO:root:Index 20140804 coordinates 3105
INFO:root:Index 20140805 coordinates 3106
INFO:root:Index 20140806 coordinates 3107
INFO:root:Index 20140807 coordinates 3108
INFO:root:Index 20140808 coordinates 3109
INFO:root:Index 20140811 coordinates 3110
INFO:root:Index 20140812 coordinates 3111
INFO:root:Index 20140813 coordinates 3112
INFO:root:Index 20140814 coordinates 3113
INFO:root:Index 20140815 coordinates 3114
INFO:root:Index 20140818 coordinates 3115
INFO:root:Index 20140819 coordinates 3116
INFO:root:Index 20140820 coordinates 3117
INFO:root:Index 20140821 coordinates 3118
INFO:root:Index 20140822 coordinates 3119
INFO:root:Index 20140825 coordinates 3120
INFO:root:Index 20140826 coordinates 3121
INFO:root:Index 20140827 coordinates 3122
INFO:root:Index 20140828 coordinates 3123
INFO:root:Index 20140829 coordinates 3124
INFO:root:Index 20140901 coordinates 3125
INFO:root:Index 20140902 coordinates 3126
INFO:root:Index 20140903 coordinates 3127
INFO:root:Index 20140904 coordinates 3128
INFO:root:Index 20140905 coordinates 3129
INFO:root:Index 20140908 coordinates 3130
INFO:root:Index 20140909 coordinates 3131
INFO:root:Index 20140910 coordinates 3132
INFO:root:Index 20140911 coordinates 3133
INFO:root:Index 20140912 coordinates 3134
INFO:root:Index 20140915 coordinates 3135
INFO:root:Index 20140916 coordinates 3136
INFO:root:Index 20140917 coordinates 3137
INFO:root:Index 20140918 coordinates 3138
INFO:root:Index 20140919 coordinates 3139
INFO:root:Index 20140922 coordinates 3140
INFO:root:Index 20140923 coordinates 3141
INFO:root:Index 20140924 coordinates 3142
INFO:root:Index 20140925 coordinates 3143
INFO:root:Index 20140926 coordinates 3144
INFO:root:Index 20140929 coordinates 3145
INFO:root:Index 20140930 coordinates 3146
INFO:root:Index 20141001 coordinates 3147
INFO:root:Index 20141002 coordinates 3148
INFO:root:Index 20141003 coordinates 3149
INFO:root:Index 20141006 coordinates 3150
INFO:root:Index 20141007 coordinates 3151
INFO:root:Index 20141008 coordinates 3152
INFO:root:Index 20141009 coordinates 3153
INFO:root:Index 20141010 coordinates 3154
INFO:root:Index 20141013 coordinates 3155
INFO:root:Index 20141014 coordinates 3156
INFO:root:Index 20141015 coordinates 3157
INFO:root:Index 20141016 coordinates 3158
INFO:root:Index 20141017 coordinates 3159
INFO:root:Index 20141020 coordinates 3160
INFO:root:Index 20141021 coordinates 3161
INFO:root:Index 20141022 coordinates 3162
INFO:root:Index 20141023 coordinates 3163
INFO:root:Index 20141023 coordinates 3164
INFO:root:Index 20141024 coordinates 3165
INFO:root:Index 20141027 coordinates 3166
INFO:root:Index 20141028 coordinates 3167
INFO:root:Index 20141029 coordinates 3168
INFO:root:Index 20141030 coordinates 3169
INFO:root:Index 20141031 coordinates 3170
INFO:root:Index 20141103 coordinates 3171
INFO:root:Index 20141104 coordinates 3172
INFO:root:Index 20141105 coordinates 3173
INFO:root:Index 20141106 coordinates 3174
INFO:root:Index 20141107 coordinates 3175
INFO:root:Index 20141110 coordinates 3176
INFO:root:Index 20141111 coordinates 3177
INFO:root:Index 20141112 coordinates 3178
INFO:root:Index 20141113 coordinates 3179
INFO:root:Index 20141114 coordinates 3180
INFO:root:Index 20141117 coordinates 3181
INFO:root:Index 20141118 coordinates 3182
INFO:root:Index 20141119 coordinates 3183
INFO:root:Index 20141120 coordinates 3184
INFO:root:Index 20141121 coordinates 3185
INFO:root:Index 20141124 coordinates 3186
INFO:root:Index 20141125 coordinates 3187
INFO:root:Index 20141126 coordinates 3188
INFO:root:Index 20141127 coordinates 3189
INFO:root:Index 20141128 coordinates 3190
INFO:root:Index 20141201 coordinates 3191
INFO:root:Index 20141202 coordinates 3192
INFO:root:Index 20141203 coordinates 3193
INFO:root:Index 20141204 coordinates 3194
INFO:root:Index 20141205 coordinates 3195
INFO:root:Index 20141208 coordinates 3196
INFO:root:Index 20141209 coordinates 3197
INFO:root:Index 20141210 coordinates 3198
INFO:root:Index 20141211 coordinates 3199
INFO:root:Index 20141212 coordinates 3200
INFO:root:Index 20141215 coordinates 3201
INFO:root:Index 20141216 coordinates 3202
INFO:root:Index 20141217 coordinates 3203
INFO:root:Index 20141218 coordinates 3204
INFO:root:Index 20141219 coordinates 3205
INFO:root:Index 20141222 coordinates 3206
INFO:root:Index 20141223 coordinates 3207
INFO:root:Index 20141224 coordinates 3208
INFO:root:Index 20141225 coordinates 3209
WARNING:root:Index 3210 is failure, <urlopen error _ssl.c:1039: The handshake operation timed out>
INFO:root:Index 20141227 coordinates 3211
INFO:root:Index 20141229 coordinates 3212
INFO:root:Index 20141230 coordinates 3213
INFO:root:Index 20141231 coordinates 3214
INFO:root:Index 20150101 coordinates 3215
INFO:root:Index 20150102 coordinates 3216
INFO:root:Index 20150105 coordinates 3217
INFO:root:Index 20150106 coordinates 3218
INFO:root:Index 20150107 coordinates 3219
INFO:root:Index 20150108 coordinates 3220
INFO:root:Index 20150109 coordinates 3221
INFO:root:Index 20150112 coordinates 3222
INFO:root:Index 20150113 coordinates 3223
INFO:root:Index 20150114 coordinates 3224
INFO:root:Index 20150115 coordinates 3225
INFO:root:Index 20150116 coordinates 3226
INFO:root:Index 20150119 coordinates 3227
INFO:root:Index 20150120 coordinates 3228
INFO:root:Index 20150121 coordinates 3229
INFO:root:Index 20150122 coordinates 3230
INFO:root:Index 20150123 coordinates 3231
INFO:root:Index 20150126 coordinates 3232
INFO:root:Index 20150127 coordinates 3233
INFO:root:Index 20150128 coordinates 3234
INFO:root:Index 20150129 coordinates 3235
INFO:root:Index 20150130 coordinates 3236
INFO:root:Index 20150202 coordinates 3237
INFO:root:Index 20150203 coordinates 3238
INFO:root:Index 20150204 coordinates 3239
INFO:root:Index 20150205 coordinates 3240
INFO:root:Index 20150206 coordinates 3241
INFO:root:Index 20150209 coordinates 3242
INFO:root:Index 20150210 coordinates 3243
INFO:root:Index 20150211 coordinates 3244
INFO:root:Index 20150212 coordinates 3245
INFO:root:Index 20150213 coordinates 3246
INFO:root:Index 20150216 coordinates 3247
INFO:root:Index 20150217 coordinates 3248
INFO:root:Index 20150218 coordinates 3249
INFO:root:Index 20150219 coordinates 3250
INFO:root:Index 20150220 coordinates 3251
INFO:root:Index 20150223 coordinates 3252
INFO:root:Index 20150224 coordinates 3253
INFO:root:Index 20150225 coordinates 3254
INFO:root:Index 20150226 coordinates 3255
INFO:root:Index 20150227 coordinates 3256
INFO:root:Index 3257 is empty
INFO:root:Index 20150228 coordinates 3258
INFO:root:Index 20150302 coordinates 3259
INFO:root:Index 20150303 coordinates 3260
INFO:root:Index 20150304 coordinates 3261
INFO:root:Index 20150305 coordinates 3262
INFO:root:Index 20150306 coordinates 3263
INFO:root:Index 20150309 coordinates 3264
INFO:root:Index 20150310 coordinates 3265
INFO:root:Index 20150311 coordinates 3266
INFO:root:Index 20150312 coordinates 3267
INFO:root:Index 20150313 coordinates 3268
INFO:root:Index 20150316 coordinates 3269
INFO:root:Index 20150317 coordinates 3270
INFO:root:Index 20150318 coordinates 3271
INFO:root:Index 20150319 coordinates 3272
INFO:root:Index 20150320 coordinates 3273
INFO:root:Index 20150323 coordinates 3274
INFO:root:Index 20150324 coordinates 3275
INFO:root:Index 20150325 coordinates 3276
INFO:root:Index 20150326 coordinates 3277
INFO:root:Index 20150327 coordinates 3278
WARNING:root:Index 3279 is failure, <urlopen error _ssl.c:1039: The handshake operation timed out>
INFO:root:Index 20150331 coordinates 3280
INFO:root:Index 20150401 coordinates 3281
INFO:root:Index 20150402 coordinates 3282
INFO:root:Index 20150403 coordinates 3283
INFO:root:Index 20150406 coordinates 3284
INFO:root:Index 20150407 coordinates 3285
INFO:root:Index 20150408 coordinates 3286
INFO:root:Index 20150409 coordinates 3287
INFO:root:Index 20150410 coordinates 3288
INFO:root:Index 20150413 coordinates 3289
INFO:root:Index 20150414 coordinates 3290
INFO:root:Index 20150415 coordinates 3291
INFO:root:Index 20150416 coordinates 3292
INFO:root:Index 20150417 coordinates 3293
INFO:root:Index 20150420 coordinates 3294
INFO:root:Index 20150421 coordinates 3295
INFO:root:Index 20150422 coordinates 3296
INFO:root:Index 20150423 coordinates 3297
INFO:root:Index 20150424 coordinates 3298
INFO:root:Index 20150427 coordinates 3299
INFO:root:Index 20150428 coordinates 3300
INFO:root:Index 20150429 coordinates 3301
INFO:root:Index 20150430 coordinates 3302
INFO:root:Index 20150501 coordinates 3303
INFO:root:Index 20150504 coordinates 3304
INFO:root:Index 20150505 coordinates 3305
INFO:root:Index 20150506 coordinates 3306
INFO:root:Index 20150507 coordinates 3307
INFO:root:Index 20150508 coordinates 3308
INFO:root:Index 20150511 coordinates 3309
INFO:root:Index 20150512 coordinates 3310
INFO:root:Index 20150513 coordinates 3311
INFO:root:Index 20150514 coordinates 3312
INFO:root:Index 20150515 coordinates 3313
INFO:root:Index 20150518 coordinates 3314
INFO:root:Index 20150519 coordinates 3315
INFO:root:Index 20150520 coordinates 3316
INFO:root:Index 20150521 coordinates 3317
INFO:root:Index 20150522 coordinates 3318
INFO:root:Index 20150525 coordinates 3319
INFO:root:Index 20150526 coordinates 3320
INFO:root:Index 4345 is empty
INFO:root:Index 20190404 coordinates 4344
INFO:root:Index 4344 is added
INFO:root:Downloading 20190404 files
CRITICAL:root:'20190329'
ERROR:root:'20190329'
ERROR:root:20190329 is not in indextable, please check '20190329'
INFO:root:Index 4345 is empty
INFO:root:Index 20190404 coordinates 4344
INFO:root:Index 4344 is added
INFO:root:Downloading 20190404 files
WARNING:root:20190404 download failed ("Connection broken: ConnectionResetError(54, 'Connection reset by peer')", ConnectionResetError(54, 'Connection reset by peer'))
INFO:root:Index 4345 is empty
INFO:root:Index 20190404 coordinates 4344
INFO:root:Index 4344 is added
INFO:root:Downloading 20190404 files
